............................................................
............................................................
........13141414141415............1314141414141415..........
............................................................
............................................................
............................................................
............................................................
............................................................
......131414141415............13141414141415................
....1314141414141415............13141415141414141415........
........131414141414141415..................................
............................................................
............................................................
............................................................
............................................................
..............................................01020202020203
..........010202020203........................04050505050506
..........040505050506........................04050505050506
0102020203040505050506........010202020202020304050505050506
120909091612090909091601020203120909090909091612090909090916
